<?xml version="1.0" encoding="UTF-8"?>
<testsuite xmlns:xsi="http://www.w3.org/2001/XMLSchema-instance" xsi:noNamespaceSchemaLocation="https://maven.apache.org/surefire/maven-surefire-plugin/xsd/surefire-test-report.xsd" name="io.github.bucket4j.SchedulersSpecification" time="0.334" tests="24" errors="0" skipped="0" failures="0">
  <properties>
    <property name="java.runtime.name" value="OpenJDK Runtime Environment"/>
    <property name="sun.boot.library.path" value="/usr/lib/jvm/java-8-openjdk-amd64/jre/lib/amd64"/>
    <property name="java.vm.version" value="25.252-b09"/>
    <property name="java.vm.vendor" value="Private Build"/>
    <property name="maven.multiModuleProjectDirectory" value="/home/maruf/bucket4j"/>
    <property name="java.vendor.url" value="http://java.oracle.com/"/>
    <property name="path.separator" value=":"/>
    <property name="guice.disable.misplaced.annotation.check" value="true"/>
    <property name="java.vm.name" value="OpenJDK 64-Bit Server VM"/>
    <property name="file.encoding.pkg" value="sun.io"/>
    <property name="user.country" value="US"/>
    <property name="sun.java.launcher" value="SUN_STANDARD"/>
    <property name="sun.os.patch.level" value="unknown"/>
    <property name="java.vm.specification.name" value="Java Virtual Machine Specification"/>
    <property name="user.dir" value="/home/maruf/bucket4j"/>
    <property name="java.runtime.version" value="1.8.0_252-8u252-b09-1ubuntu1-b09"/>
    <property name="java.awt.graphicsenv" value="sun.awt.X11GraphicsEnvironment"/>
    <property name="java.endorsed.dirs" value="/usr/lib/jvm/java-8-openjdk-amd64/jre/lib/endorsed"/>
    <property name="os.arch" value="amd64"/>
    <property name="java.io.tmpdir" value="/tmp"/>
    <property name="line.separator" value="&#10;"/>
    <property name="java.vm.specification.vendor" value="Oracle Corporation"/>
    <property name="os.name" value="Linux"/>
    <property name="classworlds.conf" value="/usr/share/maven/bin/m2.conf"/>
    <property name="sun.jnu.encoding" value="UTF-8"/>
    <property name="java.library.path" value="/usr/java/packages/lib/amd64:/usr/lib/x86_64-linux-gnu/jni:/lib/x86_64-linux-gnu:/usr/lib/x86_64-linux-gnu:/usr/lib/jni:/lib:/usr/lib"/>
    <property name="maven.conf" value="/usr/share/maven/conf"/>
    <property name="java.specification.name" value="Java Platform API Specification"/>
    <property name="java.class.version" value="52.0"/>
    <property name="sun.management.compiler" value="HotSpot 64-Bit Tiered Compilers"/>
    <property name="os.version" value="5.4.0-33-generic"/>
    <property name="library.jansi.path" value="/usr/share/maven/lib/jansi-native"/>
    <property name="user.home" value="/home/maruf"/>
    <property name="user.timezone" value="America/Los_Angeles"/>
    <property name="java.awt.printerjob" value="sun.print.PSPrinterJob"/>
    <property name="java.specification.version" value="1.8"/>
    <property name="file.encoding" value="UTF-8"/>
    <property name="user.name" value="maruf"/>
    <property name="java.class.path" value="/usr/share/maven/boot/plexus-classworlds-2.x.jar"/>
    <property name="java.vm.specification.version" value="1.8"/>
    <property name="sun.arch.data.model" value="64"/>
    <property name="java.home" value="/usr/lib/jvm/java-8-openjdk-amd64/jre"/>
    <property name="sun.java.command" value="org.codehaus.plexus.classworlds.launcher.Launcher package -Dskiptests"/>
    <property name="java.specification.vendor" value="Oracle Corporation"/>
    <property name="user.language" value="en"/>
    <property name="skiptests" value="true"/>
    <property name="awt.toolkit" value="sun.awt.X11.XToolkit"/>
    <property name="java.vm.info" value="mixed mode"/>
    <property name="java.version" value="1.8.0_252"/>
    <property name="java.ext.dirs" value="/usr/lib/jvm/java-8-openjdk-amd64/jre/lib/ext:/usr/java/packages/lib/ext"/>
    <property name="securerandom.source" value="file:/dev/./urandom"/>
    <property name="sun.boot.class.path" value="/usr/lib/jvm/java-8-openjdk-amd64/jre/lib/resources.jar:/usr/lib/jvm/java-8-openjdk-amd64/jre/lib/rt.jar:/usr/lib/jvm/java-8-openjdk-amd64/jre/lib/sunrsasign.jar:/usr/lib/jvm/java-8-openjdk-amd64/jre/lib/jsse.jar:/usr/lib/jvm/java-8-openjdk-amd64/jre/lib/jce.jar:/usr/lib/jvm/java-8-openjdk-amd64/jre/lib/charsets.jar:/usr/lib/jvm/java-8-openjdk-amd64/jre/lib/jfr.jar:/usr/lib/jvm/java-8-openjdk-amd64/jre/classes"/>
    <property name="java.vendor" value="Private Build"/>
    <property name="maven.home" value="/usr/share/maven"/>
    <property name="file.separator" value="/"/>
    <property name="java.vendor.url.bug" value="http://bugreport.sun.com/bugreport/"/>
    <property name="sun.cpu.endian" value="little"/>
    <property name="sun.io.unicode.encoding" value="UnicodeLittle"/>
    <property name="sun.desktop" value="gnome"/>
    <property name="sun.cpu.isalist" value=""/>
  </properties>
  <testcase name="1 Should sleep 10 when trying to consuming 1 tokens from Bucket io.github.bucket4j.local.LocalBucketBuilder@2b6faea6" classname="io.github.bucket4j.SchedulersSpecification" time="0.08"/>
  <testcase name="2 Should sleep 0 when trying to consuming 1 tokens from Bucket io.github.bucket4j.local.LocalBucketBuilder@6a6cb05c" classname="io.github.bucket4j.SchedulersSpecification" time="0.005"/>
  <testcase name="3 Should sleep 9990 when trying to consuming 1000 tokens from Bucket io.github.bucket4j.local.LocalBucketBuilder@489115ef" classname="io.github.bucket4j.SchedulersSpecification" time="0.005"/>
  <testcase name="1 Should sleep 10 and return true when trying to synchronous consume 1 tokens with limit 11 from Bucket io.github.bucket4j.local.LocalBucketBuilder@6200f9cb" classname="io.github.bucket4j.SchedulersSpecification" time="0.01"/>
  <testcase name="2 Should sleep 10 and return true when trying to synchronous consume 1 tokens with limit 11 from Bucket io.github.bucket4j.local.LocalBucketBuilder@445b295b" classname="io.github.bucket4j.SchedulersSpecification" time="0.004"/>
  <testcase name="3 Should sleep 0 and return true when trying to synchronous consume 1 tokens with limit 11 from Bucket io.github.bucket4j.local.LocalBucketBuilder@175b9425" classname="io.github.bucket4j.SchedulersSpecification" time="0.003"/>
  <testcase name="4 Should sleep 0 and return false when trying to synchronous consume 1000 tokens with limit 11 from Bucket io.github.bucket4j.local.LocalBucketBuilder@157853da" classname="io.github.bucket4j.SchedulersSpecification" time="0.006"/>
  <testcase name="5 Should sleep 40 and return true when trying to synchronous consume 5 tokens with limit 40 from Bucket io.github.bucket4j.local.LocalBucketBuilder@55b53d44" classname="io.github.bucket4j.SchedulersSpecification" time="0.004"/>
  <testcase name="6 Should sleep 40 and return true when trying to synchronous consume 5 tokens with limit 41 from Bucket io.github.bucket4j.local.LocalBucketBuilder@1eb5174b" classname="io.github.bucket4j.SchedulersSpecification" time="0.002"/>
  <testcase name="6 Should sleep 0 and return false when trying to synchronous consume 5 tokens with limit 39 from Bucket io.github.bucket4j.local.LocalBucketBuilder@48974e45" classname="io.github.bucket4j.SchedulersSpecification" time="0.002"/>
  <testcase name="Should throw InterruptedException when thread interrupted during waiting for token refill" classname="io.github.bucket4j.SchedulersSpecification" time="0.005"/>
  <testcase name="should complete future exceptionally if scheduler failed to schedule the task" classname="io.github.bucket4j.SchedulersSpecification" time="0.005"/>
  <testcase name="LOCAL_LOCK_FREE test listener for blocking consume" classname="io.github.bucket4j.SchedulersSpecification" time="0.006"/>
  <testcase name="LOCAL_SYNCHRONIZED test listener for blocking consume" classname="io.github.bucket4j.SchedulersSpecification" time="0.001"/>
  <testcase name="LOCAL_UNSAFE test listener for blocking consume" classname="io.github.bucket4j.SchedulersSpecification" time="0"/>
  <testcase name="GRID test listener for blocking consume" classname="io.github.bucket4j.SchedulersSpecification" time="0.001"/>
  <testcase name="LOCAL_LOCK_FREE test listener for blocking consumeUninterruptibly" classname="io.github.bucket4j.SchedulersSpecification" time="0.001"/>
  <testcase name="LOCAL_SYNCHRONIZED test listener for blocking consumeUninterruptibly" classname="io.github.bucket4j.SchedulersSpecification" time="0"/>
  <testcase name="LOCAL_UNSAFE test listener for blocking consumeUninterruptibly" classname="io.github.bucket4j.SchedulersSpecification" time="0"/>
  <testcase name="GRID test listener for blocking consumeUninterruptibly" classname="io.github.bucket4j.SchedulersSpecification" time="0.001"/>
  <testcase name="LOCAL_LOCK_FREE test listener for async delayed consume" classname="io.github.bucket4j.SchedulersSpecification" time="0.002"/>
  <testcase name="LOCAL_SYNCHRONIZED test listener for async delayed consume" classname="io.github.bucket4j.SchedulersSpecification" time="0"/>
  <testcase name="LOCAL_UNSAFE test listener for async delayed consume" classname="io.github.bucket4j.SchedulersSpecification" time="0"/>
  <testcase name="GRID test listener for async delayed consume" classname="io.github.bucket4j.SchedulersSpecification" time="0.001"/>
</testsuite>